##################################################################
################################# Original Code ##################
##################################################################
STAFF\razi.hleihil@naranja18:~/IndexGen$ ./dna_code_generator.exe 
--- Starting Generation for Codeword Length 10 ---
Max Run:                3
Min GC Content:         0.3
Max GC Content:         0.7
Code Length:            10
Min Candidates Hamming Distance:4
Min Codebook Edit Distance:     4
Fill AdjList Time:      0.02    seconds
Find Min Sum Row Time:  0.00    seconds
Del Ball Time:          0.00    seconds
Process Matrix Time:    0.02    seconds
Number of Candidate Words:      836
Number of Ones in Matrix:       2306
Number of Code Words:           463
=====================================================
Codebook Time: 0.06     seconds
=====================================================
--- Finished Generation for Codeword Length 10 ---

--- Starting Generation for Codeword Length 11 ---
Max Run:                3
Min GC Content:         0.30
Max GC Content:         0.70
Code Length:            11
Min Candidates Hamming Distance:4
Min Codebook Edit Distance:     4
Fill AdjList Time:      0.13    seconds
Find Min Sum Row Time:  0.00    seconds
Del Ball Time:          0.01    seconds
Process Matrix Time:    0.03    seconds
Number of Candidate Words:      2954
Number of Ones in Matrix:       10768
Number of Code Words:           1445
=====================================================
Codebook Time: 0.19     seconds
=====================================================
--- Finished Generation for Codeword Length 11 ---

--- Starting Generation for Codeword Length 12 ---
Max Run:                3
Min GC Content:         0.30
Max GC Content:         0.70
Code Length:            12
Min Candidates Hamming Distance:4
Min Codebook Edit Distance:     4
Fill AdjList Time:      1.50    seconds
Find Min Sum Row Time:  0.00    seconds
Del Ball Time:          0.02    seconds
Process Matrix Time:    0.17    seconds
Number of Candidate Words:      12964
Number of Ones in Matrix:       67834
Number of Code Words:           5196
=====================================================
Codebook Time: 1.72     seconds
=====================================================
--- Finished Generation for Codeword Length 12 ---

--- Starting Generation for Codeword Length 13 ---
Max Run:                3
Min GC Content:         0.30
Max GC Content:         0.70
Code Length:            13
Min Candidates Hamming Distance:4
Min Codebook Edit Distance:     4
Fill AdjList Time:      22.66   seconds
Find Min Sum Row Time:  0.00    seconds
Del Ball Time:          0.12    seconds
Process Matrix Time:    1.06    seconds
Number of Candidate Words:      53447
Number of Ones in Matrix:       371008
Number of Code Words:           18586
=====================================================
Codebook Time: 23.82    seconds
=====================================================
--- Finished Generation for Codeword Length 13 ---

--- Starting Generation for Codeword Length 14 ---
Max Run:                3
Min GC Content:         0.30
Max GC Content:         0.70
Code Length:            14
Min Candidates Hamming Distance:4
Min Codebook Edit Distance:     4
Fill AdjList Time:      301.20  seconds
Find Min Sum Row Time:  0.00    seconds
Del Ball Time:          0.94    seconds
Process Matrix Time:    6.62    seconds
Number of Candidate Words:      191202
Number of Ones in Matrix:       1717856
Number of Code Words:           58576
=====================================================
Codebook Time: 308.03   seconds
=====================================================
--- Finished Generation for Codeword Length 14 ---