Warning: Directory 'Results/12.5/LinearCode_HD3' already exists. Files may be overwritten.
Output will be saved in directory: /home_nfs/razi.hleihil/IndexGen/Results/12.5/LinearCode_HD3
Using Generation Method: LinearCode (minHD=3)

--- Starting Generation for Codeword Length 12 (Current Time: 2025-10-25 01:53:31) ---
--- Common Parameters ---
Code Length:			12
Min Codebook Edit Distance:	5
Max Homopolymer Run:		0
Min GC Content:			0
Max GC Content:			0

--- Generation Method ---
Method:				Linear Code
Min Candidate Hamming Distance:	3
Candidates Time: 0.30	seconds
Fill AdjList Time:	1735.47	seconds
Find Min Sum Row Time:	0.00	seconds
Del Ball Time:		620.48	seconds
Process Matrix Time:	805.00	seconds
Number of Candidate Words:	262144
Number of Ones in Matrix:	455808198
Number of Code Words:		1279
=====================================================
Codebook Time: 2541.01	seconds
=====================================================
--- Finished Generation for Codeword Length 12 (Current Time: 2025-10-25 02:35:52) ---

Total Execution Time: 2541.16 seconds
