Warning: Directory 'Results/12.5/Random_10000' already exists. Files may be overwritten.
Output will be saved in directory: /home_nfs/razi.hleihil/IndexGen/Results/12.5/Random_10000
Using Generation Method: Random (candidates=10000)

--- Starting Generation for Codeword Length 12 (Current Time: 2025-10-25 01:37:42) ---
--- Common Parameters ---
Code Length:			12
Min Codebook Edit Distance:	5
Max Homopolymer Run:		0
Min GC Content:			0
Max GC Content:			0

--- Generation Method ---
Method:				Random Candidates
Number of Random Candidates:	10000
Candidates Time: 0.01	seconds
Fill AdjList Time:	2.74	seconds
Find Min Sum Row Time:	0.00	seconds
Del Ball Time:		0.40	seconds
Process Matrix Time:	0.75	seconds
Number of Candidate Words:	10000
Number of Ones in Matrix:	668412
Number of Code Words:		762
=====================================================
Codebook Time: 3.51	seconds
=====================================================
--- Finished Generation for Codeword Length 12 (Current Time: 2025-10-25 01:37:46) ---

Total Execution Time: 3.52 seconds
