Warning: Directory 'Results/12.5/Random_50000' already exists. Files may be overwritten.
Output will be saved in directory: /home_nfs/razi.hleihil/IndexGen/Results/12.5/Random_50000
Using Generation Method: Random (candidates=50000)

--- Starting Generation for Codeword Length 12 (Current Time: 2025-10-25 01:38:09) ---
--- Common Parameters ---
Code Length:			12
Min Codebook Edit Distance:	5
Max Homopolymer Run:		0
Min GC Content:			0
Max GC Content:			0

--- Generation Method ---
Method:				Random Candidates
Number of Random Candidates:	50000
Candidates Time: 0.05	seconds
Fill AdjList Time:	70.43	seconds
Find Min Sum Row Time:	0.00	seconds
Del Ball Time:		16.39	seconds
Process Matrix Time:	24.81	seconds
Number of Candidate Words:	50000
Number of Ones in Matrix:	16633594
Number of Code Words:		1011
=====================================================
Codebook Time: 95.31	seconds
=====================================================
--- Finished Generation for Codeword Length 12 (Current Time: 2025-10-25 01:39:44) ---

Total Execution Time: 95.32 seconds
