Compiling...
Compilation successful.
Running h={100, 100}...
Using input file: test_data_candidates.txt
All barcodes have consistent length: 14
Dynamically set INDEX_LEN to 14
Starting hierarchical clustering with hierarchy: [100, 100]
Processing level 0 with k=100 on 1 clusters
Starting iteration 1...
Starting iteration 2...
Converged after 2 iterations.
Processing level 1 with k=100 on 100 clusters
Starting iteration 1...
Starting iteration 2...
Starting iteration 3...
Converged after 3 iterations.
Starting iteration 1...
Starting iteration 2...
Starting iteration 3...
Converged after 3 iterations.
Starting iteration 1...
Starting iteration 2...
Starting iteration 3...
Converged after 3 iterations.
Starting iteration 1...
Starting iteration 2...
Starting iteration 3...
Converged after 3 iterations.
Starting iteration 1...
Starting iteration 2...
Starting iteration 3...
Converged after 3 iterations.
Starting iteration 1...
Starting iteration 2...
Starting iteration 3...
Converged after 3 iterations.
Starting iteration 1...
Starting iteration 2...
Converged after 2 iterations.
Starting iteration 1...
Starting iteration 2...
Starting iteration 3...
Converged after 3 iterations.
Starting iteration 1...
Starting iteration 2...
Converged after 2 iterations.
Starting iteration 1...
Starting iteration 2...
Starting iteration 3...
Converged after 3 iterations.
Starting iteration 1...
Starting iteration 2...
Converged after 2 iterations.
Starting iteration 1...
Starting iteration 2...
Starting iteration 3...
Converged after 3 iterations.
Starting iteration 1...
Starting iteration 2...
Starting iteration 3...
Converged after 3 iterations.
Starting iteration 1...
Starting iteration 2...
Starting iteration 3...
Converged after 3 iterations.
Starting iteration 1...
Starting iteration 2...
Starting iteration 3...
Converged after 3 iterations.
Starting iteration 1...
Starting iteration 2...
Starting iteration 3...
Converged after 3 iterations.
Starting iteration 1...
Starting iteration 2...
Starting iteration 3...
Converged after 3 iterations.
Starting iteration 1...
Starting iteration 2...
Converged after 2 iterations.
Starting iteration 1...
Starting iteration 2...
Starting iteration 3...
Starting iteration 4...
Converged after 4 iterations.
Starting iteration 1...
Starting iteration 2...
Starting iteration 3...
Converged after 3 iterations.
Starting iteration 1...
Starting iteration 2...
Starting iteration 3...
Converged after 3 iterations.
Starting iteration 1...
Starting iteration 2...
Starting iteration 3...
Converged after 3 iterations.
Starting iteration 1...
Starting iteration 2...
Starting iteration 3...
Starting iteration 4...
Converged after 4 iterations.
Starting iteration 1...
Starting iteration 2...
Starting iteration 3...
Starting iteration 4...
Converged after 4 iterations.
Starting iteration 1...
Starting iteration 2...
Starting iteration 3...
Converged after 3 iterations.
Starting iteration 1...
Starting iteration 2...
Starting iteration 3...
Starting iteration 4...
Converged after 4 iterations.
Starting iteration 1...
Starting iteration 2...
Starting iteration 3...
Converged after 3 iterations.
Starting iteration 1...
Starting iteration 2...
Starting iteration 3...
Converged after 3 iterations.
Starting iteration 1...
Starting iteration 2...
Starting iteration 3...
Starting iteration 4...
Converged after 4 iterations.
Starting iteration 1...
Starting iteration 2...
Starting iteration 3...
Converged after 3 iterations.
Starting iteration 1...
Starting iteration 2...
Starting iteration 3...
Converged after 3 iterations.
Starting iteration 1...
Starting iteration 2...
Starting iteration 3...
Converged after 3 iterations.
Starting iteration 1...
Starting iteration 2...
Starting iteration 3...
Converged after 3 iterations.
Starting iteration 1...
Starting iteration 2...
Starting iteration 3...
Starting iteration 4...
Converged after 4 iterations.
Starting iteration 1...
Starting iteration 2...
Starting iteration 3...
Converged after 3 iterations.
Starting iteration 1...
Starting iteration 2...
Starting iteration 3...
Converged after 3 iterations.
Starting iteration 1...
Starting iteration 2...
Starting iteration 3...
Converged after 3 iterations.
Starting iteration 1...
Starting iteration 2...
Starting iteration 3...
Converged after 3 iterations.
Starting iteration 1...
Starting iteration 2...
Starting iteration 3...
Converged after 3 iterations.
Starting iteration 1...
Starting iteration 2...
Starting iteration 3...
Starting iteration 4...
Converged after 4 iterations.
Starting iteration 1...
Starting iteration 2...
Starting iteration 3...
Converged after 3 iterations.
Starting iteration 1...
Starting iteration 2...
Starting iteration 3...
Starting iteration 4...
Starting iteration 5...
Converged after 5 iterations.
Starting iteration 1...
Starting iteration 2...
Starting iteration 3...
Converged after 3 iterations.
Starting iteration 1...
Starting iteration 2...
Starting iteration 3...
Starting iteration 4...
Converged after 4 iterations.
Starting iteration 1...
Starting iteration 2...
Starting iteration 3...
Converged after 3 iterations.
Starting iteration 1...
Starting iteration 2...
Starting iteration 3...
Converged after 3 iterations.
Starting iteration 1...
Starting iteration 2...
Starting iteration 3...
Starting iteration 4...
Converged after 4 iterations.
Starting iteration 1...
Starting iteration 2...
Starting iteration 3...
Converged after 3 iterations.
Starting iteration 1...
Starting iteration 2...
Starting iteration 3...
Converged after 3 iterations.
Starting iteration 1...
Starting iteration 2...
Starting iteration 3...
Starting iteration 4...
Converged after 4 iterations.
Starting iteration 1...
Starting iteration 2...
Starting iteration 3...
Converged after 3 iterations.
Starting iteration 1...
Starting iteration 2...
Starting iteration 3...
Converged after 3 iterations.
Starting iteration 1...
Starting iteration 2...
Starting iteration 3...
Starting iteration 4...
Converged after 4 iterations.
Starting iteration 1...
Starting iteration 2...
Starting iteration 3...
Starting iteration 4...
Converged after 4 iterations.
Starting iteration 1...
Starting iteration 2...
Starting iteration 3...
Starting iteration 4...
Converged after 4 iterations.
Starting iteration 1...
Starting iteration 2...
Starting iteration 3...
Starting iteration 4...
Starting iteration 5...
Converged after 5 iterations.
Starting iteration 1...
Starting iteration 2...
Starting iteration 3...
Converged after 3 iterations.
Starting iteration 1...
Starting iteration 2...
Starting iteration 3...
Starting iteration 4...
Converged after 4 iterations.
Starting iteration 1...
Starting iteration 2...
Starting iteration 3...
Starting iteration 4...
Converged after 4 iterations.
Starting iteration 1...
Starting iteration 2...
Starting iteration 3...
Starting iteration 4...
Converged after 4 iterations.
Starting iteration 1...
Starting iteration 2...
Starting iteration 3...
Converged after 3 iterations.
Starting iteration 1...
Starting iteration 2...
Starting iteration 3...
Starting iteration 4...
Converged after 4 iterations.
Starting iteration 1...
Starting iteration 2...
Starting iteration 3...
Converged after 3 iterations.
Starting iteration 1...
Starting iteration 2...
Starting iteration 3...
Starting iteration 4...
Converged after 4 iterations.
Starting iteration 1...
Starting iteration 2...
Starting iteration 3...
Starting iteration 4...
Converged after 4 iterations.
Starting iteration 1...
Starting iteration 2...
Starting iteration 3...
Starting iteration 4...
Converged after 4 iterations.
Starting iteration 1...
Starting iteration 2...
Starting iteration 3...
Converged after 3 iterations.
Starting iteration 1...
Starting iteration 2...
Starting iteration 3...
Converged after 3 iterations.
Starting iteration 1...
Starting iteration 2...
Starting iteration 3...
Starting iteration 4...
Converged after 4 iterations.
Starting iteration 1...
Starting iteration 2...
Starting iteration 3...
Starting iteration 4...
Converged after 4 iterations.
Starting iteration 1...
Starting iteration 2...
Starting iteration 3...
Starting iteration 4...
Starting iteration 5...
Starting iteration 6...
Converged after 6 iterations.
Starting iteration 1...
Starting iteration 2...
Starting iteration 3...
Converged after 3 iterations.
Starting iteration 1...
Starting iteration 2...
Starting iteration 3...
Starting iteration 4...
Converged after 4 iterations.
Starting iteration 1...
Starting iteration 2...
Starting iteration 3...
Starting iteration 4...
Converged after 4 iterations.
Starting iteration 1...
Starting iteration 2...
Starting iteration 3...
Starting iteration 4...
Converged after 4 iterations.
Starting iteration 1...
Starting iteration 2...
Starting iteration 3...
Starting iteration 4...
Converged after 4 iterations.
Starting iteration 1...
Starting iteration 2...
Starting iteration 3...
Starting iteration 4...
Converged after 4 iterations.
Starting iteration 1...
Starting iteration 2...
Starting iteration 3...
Starting iteration 4...
Converged after 4 iterations.
Starting iteration 1...
Starting iteration 2...
Starting iteration 3...
Converged after 3 iterations.
Starting iteration 1...
Starting iteration 2...
Starting iteration 3...
Starting iteration 4...
Converged after 4 iterations.
Starting iteration 1...
Starting iteration 2...
Starting iteration 3...
Starting iteration 4...
Converged after 4 iterations.
Starting iteration 1...
Starting iteration 2...
Starting iteration 3...
Starting iteration 4...
Converged after 4 iterations.
Starting iteration 1...
Starting iteration 2...
Starting iteration 3...
Starting iteration 4...
Converged after 4 iterations.
Starting iteration 1...
Starting iteration 2...
Starting iteration 3...
Converged after 3 iterations.
Starting iteration 1...
Starting iteration 2...
Starting iteration 3...
Starting iteration 4...
Converged after 4 iterations.
Starting iteration 1...
Starting iteration 2...
Starting iteration 3...
Converged after 3 iterations.
Starting iteration 1...
Starting iteration 2...
Starting iteration 3...
Starting iteration 4...
Starting iteration 5...
Converged after 5 iterations.
Starting iteration 1...
Starting iteration 2...
Starting iteration 3...
Starting iteration 4...
Starting iteration 5...
Starting iteration 6...
Converged after 6 iterations.
Starting iteration 1...
Starting iteration 2...
Starting iteration 3...
Starting iteration 4...
Starting iteration 5...
Starting iteration 6...
Converged after 6 iterations.
Starting iteration 1...
Starting iteration 2...
Starting iteration 3...
Starting iteration 4...
Converged after 4 iterations.
Starting iteration 1...
Starting iteration 2...
Starting iteration 3...
Starting iteration 4...
Converged after 4 iterations.
Starting iteration 1...
Starting iteration 2...
Starting iteration 3...
Converged after 3 iterations.
Starting iteration 1...
Starting iteration 2...
Starting iteration 3...
Starting iteration 4...
Starting iteration 5...
Converged after 5 iterations.
Starting iteration 1...
Starting iteration 2...
Starting iteration 3...
Converged after 3 iterations.
Starting iteration 1...
Starting iteration 2...
Starting iteration 3...
Converged after 3 iterations.
Starting iteration 1...
Starting iteration 2...
Starting iteration 3...
Starting iteration 4...
Converged after 4 iterations.
Starting iteration 1...
Starting iteration 2...
Starting iteration 3...
Starting iteration 4...
Starting iteration 5...
Converged after 5 iterations.
Starting iteration 1...
Starting iteration 2...
Starting iteration 3...
Starting iteration 4...
Starting iteration 5...
Converged after 5 iterations.
Starting iteration 1...
Starting iteration 2...
Starting iteration 3...
Starting iteration 4...
Starting iteration 5...
Converged after 5 iterations.
Starting iteration 1...
Starting iteration 2...
Starting iteration 3...
Starting iteration 4...
Converged after 4 iterations.
Hierarchical clustering completed with 10000 final clusters!
Hierarchical clustering time: 121734 seconds
Saving 10000 clusters to file.
Centroid calculation statistics:
  Total centroid calculations: 25700
  Average time per centroid calculation: 4.705871 seconds
Done generalized hierarchical clustering!
{"id":"aXuGVATS2h0R","time":1767237150,"expires":1767280350,"event":"message","topic":"IndexGen-Newton","message":"Finished h={100, 100} in 121735s"}
Running h={50, 50, 5}...
Using input file: test_data_candidates.txt
All barcodes have consistent length: 14
Dynamically set INDEX_LEN to 14
Starting hierarchical clustering with hierarchy: [50, 50, 5]
Processing level 0 with k=50 on 1 clusters
