omersabary@bruno1:~/IndexGen/DNA-online-pipeline-2/EditDistanceClustering$ ./build_and_run.sh                                       
Compiling...                                                                                                                        
Compilation successful.                                                                                                             
Running h=1000...                                                                                                                   
Using input file: test_data_candidates.txt                                                                                          
All barcodes have consistent length: 14                                                                                             
Dynamically set INDEX_LEN to 14                                                                                                     
Starting hierarchical clustering with hierarchy: [1000]                                                                             
Processing level 0 with k=1000 on 1 clusters                                                                                        
Starting iteration 1...                                                                                                             
Starting iteration 2...                                                                                                             
Converged after 2 iterations.                                                                                                       
Hierarchical clustering completed with 1000 final clusters!                                                                         
Hierarchical clustering time: 15184.3 seconds                                                                                       
Saving 1000 clusters to file.                                                                                                       
Centroid calculation statistics:                                                                                                    
  Total centroid calculations: 1000                                                                                                 
  Average time per centroid calculation: 12.905636 seconds                                                                          
Done generalized hierarchical clustering!                                                                                           
{"id":"9cFcxuKyltsL","time":1766959370,"expires":1767002570,"event":"message","topic":"IndexGen-Newton","message":"Finished h=1000 i
n 15186s"}                                                                                                                          
Running h=2000...                                                                                                                   
Using input file: test_data_candidates.txt                                                                                          
All barcodes have consistent length: 14                                                                                             
Dynamically set INDEX_LEN to 14                                                                                                     
Starting hierarchical clustering with hierarchy: [2000]                                                                             
Processing level 0 with k=2000 on 1 clusters                                                                                        
Starting iteration 1...                                                                                                             
Starting iteration 2...                                                                                                             
Converged after 2 iterations.                                                                                                       
Hierarchical clustering completed with 2000 final clusters!                                                                         
Hierarchical clustering time: 10056.7 seconds                                                                                       
Saving 2000 clusters to file.                                                                                                       
Centroid calculation statistics:                                                                                                    
  Total centroid calculations: 2000                                                                                                 
  Average time per centroid calculation: 3.064621 seconds                                                                           
Done generalized hierarchical clustering!                                                                                           
{"id":"ApZg5LO4Ei6K","time":1766969427,"expires":1767012627,"event":"message","topic":"IndexGen-Newton","message":"Finished h=2000 i
n 10057s"} 