Warning: Directory 'Results/12.3/Random_10000' already exists. Files may be overwritten.
Output will be saved in directory: /home_nfs/razi.hleihil/IndexGen/Results/12.3/Random_10000
Using Generation Method: Random (candidates=10000)

--- Starting Generation for Codeword Length 12 (Current Time: 2025-10-25 01:23:15) ---
--- Common Parameters ---
Code Length:			12
Min Codebook Edit Distance:	3
Max Homopolymer Run:		0
Min GC Content:			0
Max GC Content:			0

--- Generation Method ---
Method:				Random Candidates
Number of Random Candidates:	10000
Candidates Time: 0.02	seconds
Fill AdjList Time:	0.68	seconds
Find Min Sum Row Time:	0.00	seconds
Del Ball Time:		0.00	seconds
Process Matrix Time:	0.03	seconds
Number of Candidate Words:	10000
Number of Ones in Matrix:	5212
Number of Code Words:		8215
=====================================================
Codebook Time: 0.74	seconds
=====================================================
--- Finished Generation for Codeword Length 12 (Current Time: 2025-10-25 01:23:16) ---

Total Execution Time: 0.75 seconds
