Warning: Directory 'Results/12.3/LinearCode_HD5' already exists. Files may be overwritten.
Output will be saved in directory: /home_nfs/razi.hleihil/IndexGen/Results/12.3/LinearCode_HD5
Using Generation Method: LinearCode (minHD=5)

--- Starting Generation for Codeword Length 12 (Current Time: 2025-10-25 01:23:35) ---
--- Common Parameters ---
Code Length:			12
Min Codebook Edit Distance:	3
Max Homopolymer Run:		0
Min GC Content:			0
Max GC Content:			0

--- Generation Method ---
Method:				Linear Code
Min Candidate Hamming Distance:	5
Candidates Time: 0.01	seconds
Fill AdjList Time:	0.02	seconds
Find Min Sum Row Time:	0.00	seconds
Del Ball Time:		0.00	seconds
Process Matrix Time:	0.01	seconds
Number of Candidate Words:	1024
Number of Ones in Matrix:	510
Number of Code Words:		820
=====================================================
Codebook Time: 0.06	seconds
=====================================================
--- Finished Generation for Codeword Length 12 (Current Time: 2025-10-25 01:23:35) ---

Total Execution Time: 0.07 seconds
