Warning: Directory 'Results/12.3/LinearCode_HD3' already exists. Files may be overwritten.
Output will be saved in directory: /home_nfs/razi.hleihil/IndexGen/Results/12.3/LinearCode_HD3
Using Generation Method: LinearCode (minHD=3)

--- Starting Generation for Codeword Length 12 (Current Time: 2025-10-25 01:23:20) ---
--- Common Parameters ---
Code Length:			12
Min Codebook Edit Distance:	3
Max Homopolymer Run:		0
Min GC Content:			0
Max GC Content:			0

--- Generation Method ---
Method:				Linear Code
Min Candidate Hamming Distance:	3
Candidates Time: 0.29	seconds
Fill AdjList Time:	419.01	seconds
Find Min Sum Row Time:	0.00	seconds
Del Ball Time:		1.02	seconds
Process Matrix Time:	1.97	seconds
Number of Candidate Words:	262144
Number of Ones in Matrix:	1179600
Number of Code Words:		107637
=====================================================
Codebook Time: 421.29	seconds
=====================================================
--- Finished Generation for Codeword Length 12 (Current Time: 2025-10-25 01:30:21) ---

Total Execution Time: 421.33 seconds
