Analyzing log files in Test/new_bias_perms/...

Warning: Could not extract data from Test/new_bias_perms/939/log.txt

============================================================
MAXIMUM NUMBER OF CODE WORDS: 35,604
Found in folder: 153

MINIMUM NUMBER OF CODE WORDS: 25,483
Found in folder: 702
============================================================


Code words histogram saved to: 18-11-25-Codewords-hist.png
Codebook times histogram saved to: 18-11-25-Time-hist.png

Code Words Summary Statistics:
  Total runs analyzed: 939
  Maximum: 35,604
  Minimum: 25,483
  Mean: 34,298.14
  Median: 35,519.00
  Std Dev: 1,831.68

Codebook Time Summary Statistics:
  Total runs with time data: 939
  Maximum: 7.67 seconds (folder 680)
  Minimum: 6.01 seconds (folder 565)
  Mean: 6.55 seconds
  Median: 6.59 seconds
  Std Dev: 0.18 seconds

============================================================
LOG FILE CONTENTS FOR MAXIMUM CODEWORDS (folder 153):
============================================================

Warning: Directory 'Test/new_bias_perms/153' already exists. Files may be overwritten.
Output will be saved in directory: /home_nfs/razi.hleihil/IndexGen/Test/new_bias_perms/153
Using Generation Method: LinearCode (minHD=3)
Bias vector: (not initialized)
Row permutation: [4, 0, 5, 1, 6, 3, 7, 2]
Column permutation: [8, 9, 6, 10, 3, 5, 0, 4, 7, 2, 1]

--- Starting Generation for Codeword Length 11 (Current Time: 2025-11-17 20:29:44) ---
--- Common Parameters ---
Code Length:			11
Min Codebook Edit Distance:	3
Max Homopolymer Run:		0
Min GC Content:			0
Max GC Content:			0

Using Generation Method: LinearCode (minHD=3)
Bias vector: (not initialized)
Row permutation: [4, 0, 5, 1, 6, 3, 7, 2]
Column permutation: [8, 9, 6, 10, 3, 5, 0, 4, 7, 2, 1]

Permutation vector (columns): 8 9 6 10 3 5 0 4 7 2 1 
Permutation vector (rows): 4 0 5 1 6 3 7 2 
Using bias: 3 0 2 3 1 1 1 3 2 3 3 

Candidates Time: 0.05	seconds
Fill AdjList Time:	6.42	seconds
Find Min Sum Row Time:	0.00	seconds
Del Ball Time:		0.07	seconds
Process Matrix Time:	0.16	seconds
Number of Candidate Words:	65536
Number of Ones in Matrix:	172032
Number of Code Words:		35604
Vector distance SUCCESS
=====================================================
Codebook Time: 6.64	seconds
=====================================================
--- Finished Generation for Codeword Length 11 (Current Time: 2025-11-17 20:29:53) ---

Total Execution Time: 8.52 seconds


============================================================
