Warning: Directory 'Results/12.3/Random_50000' already exists. Files may be overwritten.
Output will be saved in directory: /home_nfs/razi.hleihil/IndexGen/Results/12.3/Random_50000
Using Generation Method: Random (candidates=50000)

--- Starting Generation for Codeword Length 12 (Current Time: 2025-10-25 01:23:15) ---
--- Common Parameters ---
Code Length:			12
Min Codebook Edit Distance:	3
Max Homopolymer Run:		0
Min GC Content:			0
Max GC Content:			0

--- Generation Method ---
Method:				Random Candidates
Number of Random Candidates:	50000
Candidates Time: 0.04	seconds
Fill AdjList Time:	16.83	seconds
Find Min Sum Row Time:	0.00	seconds
Del Ball Time:		0.12	seconds
Process Matrix Time:	0.44	seconds
Number of Candidate Words:	50000
Number of Ones in Matrix:	129520
Number of Code Words:		27362
=====================================================
Codebook Time: 17.33	seconds
=====================================================
--- Finished Generation for Codeword Length 12 (Current Time: 2025-10-25 01:23:33) ---

Total Execution Time: 17.34 seconds
