Warning: Directory 'Results/12.4/LinearCode_HD3' already exists. Files may be overwritten.
Output will be saved in directory: /home_nfs/razi.hleihil/IndexGen/Results/12.4/LinearCode_HD3
Using Generation Method: LinearCode (minHD=3)

--- Starting Generation for Codeword Length 12 (Current Time: 2025-10-25 01:37:25) ---
--- Common Parameters ---
Code Length:			12
Min Codebook Edit Distance:	4
Max Homopolymer Run:		0
Min GC Content:			0
Max GC Content:			0

--- Generation Method ---
Method:				Linear Code
Min Candidate Hamming Distance:	3
Candidates Time: 0.20	seconds
Fill AdjList Time:	889.73	seconds
Find Min Sum Row Time:	0.00	seconds
Del Ball Time:		49.89	seconds
Process Matrix Time:	76.03	seconds
Number of Candidate Words:	262144
Number of Ones in Matrix:	52285152
Number of Code Words:		8264
=====================================================
Codebook Time: 965.98	seconds
=====================================================
--- Finished Generation for Codeword Length 12 (Current Time: 2025-10-25 01:53:31) ---

Total Execution Time: 965.99 seconds
