Warning: Directory 'Results/12.4/Random_50000' already exists. Files may be overwritten.
Output will be saved in directory: /home_nfs/razi.hleihil/IndexGen/Results/12.4/Random_50000
Using Generation Method: Random (candidates=50000)

--- Starting Generation for Codeword Length 12 (Current Time: 2025-10-25 01:23:47) ---
--- Common Parameters ---
Code Length:			12
Min Codebook Edit Distance:	4
Max Homopolymer Run:		0
Min GC Content:			0
Max GC Content:			0

--- Generation Method ---
Method:				Random Candidates
Number of Random Candidates:	50000
Candidates Time: 0.06	seconds
Fill AdjList Time:	38.34	seconds
Find Min Sum Row Time:	0.00	seconds
Del Ball Time:		1.69	seconds
Process Matrix Time:	5.14	seconds
Number of Candidate Words:	50000
Number of Ones in Matrix:	1821412
Number of Code Words:		5990
=====================================================
Codebook Time: 43.55	seconds
=====================================================
--- Finished Generation for Codeword Length 12 (Current Time: 2025-10-25 01:24:31) ---

Total Execution Time: 43.57 seconds
