Warning: Directory 'Results/12.4/LinearCode_HD4' already exists. Files may be overwritten.
Output will be saved in directory: /home_nfs/razi.hleihil/IndexGen/Results/12.4/LinearCode_HD4
Using Generation Method: LinearCode (minHD=4)

--- Starting Generation for Codeword Length 12 (Current Time: 2025-10-25 01:37:38) ---
--- Common Parameters ---
Code Length:			12
Min Codebook Edit Distance:	4
Max Homopolymer Run:		0
Min GC Content:			0
Max GC Content:			0

--- Generation Method ---
Method:				Linear Code
Min Candidate Hamming Distance:	4
Candidates Time: 0.02	seconds
Fill AdjList Time:	3.88	seconds
Find Min Sum Row Time:	0.00	seconds
Del Ball Time:		0.05	seconds
Process Matrix Time:	0.11	seconds
Number of Candidate Words:	16384
Number of Ones in Matrix:	90636
Number of Code Words:		6336
=====================================================
Codebook Time: 4.02	seconds
=====================================================
--- Finished Generation for Codeword Length 12 (Current Time: 2025-10-25 01:37:42) ---

Total Execution Time: 4.03 seconds
