Warning: Directory 'Results/12.4/Random_25000' already exists. Files may be overwritten.
Output will be saved in directory: /home_nfs/razi.hleihil/IndexGen/Results/12.4/Random_25000
Using Generation Method: Random (candidates=25000)

--- Starting Generation for Codeword Length 12 (Current Time: 2025-10-25 01:23:36) ---
--- Common Parameters ---
Code Length:			12
Min Codebook Edit Distance:	4
Max Homopolymer Run:		0
Min GC Content:			0
Max GC Content:			0

--- Generation Method ---
Method:				Random Candidates
Number of Random Candidates:	25000
Candidates Time: 0.05	seconds
Fill AdjList Time:	9.56	seconds
Find Min Sum Row Time:	0.00	seconds
Del Ball Time:		0.42	seconds
Process Matrix Time:	1.32	seconds
Number of Candidate Words:	25000
Number of Ones in Matrix:	457554
Number of Code Words:		4910
=====================================================
Codebook Time: 10.95	seconds
=====================================================
--- Finished Generation for Codeword Length 12 (Current Time: 2025-10-25 01:23:47) ---

Total Execution Time: 10.96 seconds
