Warning: Directory 'Results/12.3/LinearCode_HD4' already exists. Files may be overwritten.
Output will be saved in directory: /home_nfs/razi.hleihil/IndexGen/Results/12.3/LinearCode_HD4
Using Generation Method: LinearCode (minHD=4)

--- Starting Generation for Codeword Length 12 (Current Time: 2025-10-25 01:23:33) ---
--- Common Parameters ---
Code Length:			12
Min Codebook Edit Distance:	3
Max Homopolymer Run:		0
Min GC Content:			0
Max GC Content:			0

--- Generation Method ---
Method:				Linear Code
Min Candidate Hamming Distance:	4
Candidates Time: 0.03	seconds
Fill AdjList Time:	1.72	seconds
Find Min Sum Row Time:	0.00	seconds
Del Ball Time:		0.00	seconds
Process Matrix Time:	0.04	seconds
Number of Candidate Words:	16384
Number of Ones in Matrix:	2184
Number of Code Words:		15385
=====================================================
Codebook Time: 1.82	seconds
=====================================================
--- Finished Generation for Codeword Length 12 (Current Time: 2025-10-25 01:23:35) ---

Total Execution Time: 1.83 seconds
