Warning: Directory 'Results/12.4/Random_10000' already exists. Files may be overwritten.
Output will be saved in directory: /home_nfs/razi.hleihil/IndexGen/Results/12.4/Random_10000
Using Generation Method: Random (candidates=10000)

--- Starting Generation for Codeword Length 12 (Current Time: 2025-10-25 01:23:35) ---
--- Common Parameters ---
Code Length:			12
Min Codebook Edit Distance:	4
Max Homopolymer Run:		0
Min GC Content:			0
Max GC Content:			0

--- Generation Method ---
Method:				Random Candidates
Number of Random Candidates:	10000
Candidates Time: 0.01	seconds
Fill AdjList Time:	1.57	seconds
Find Min Sum Row Time:	0.00	seconds
Del Ball Time:		0.04	seconds
Process Matrix Time:	0.19	seconds
Number of Candidate Words:	10000
Number of Ones in Matrix:	73028
Number of Code Words:		3424
=====================================================
Codebook Time: 1.79	seconds
=====================================================
--- Finished Generation for Codeword Length 12 (Current Time: 2025-10-25 01:23:36) ---

Total Execution Time: 1.80 seconds
